2021-01-23 08:35:09,943  INFO [main] LoginPageTest:24 - application is lunched
2021-01-23 08:35:10,414  INFO [main] LoginPageTest:33 - Sucessfully lunched to Home page
2021-01-23 08:35:10,539  INFO [main] LoginPageTest:39 - broser closed sucessfullly
2021-01-23 08:36:17,557  INFO [main] LoginPageTest:24 - application is lunched
2021-01-23 08:36:17,987  INFO [main] LoginPageTest:33 - Sucessfully lunched to Home page
2021-01-23 08:36:18,064  INFO [main] LoginPageTest:39 - broser closed sucessfullly
2021-01-23 08:36:55,258  INFO [main] LoginPage:23 - application is lunched
2021-01-23 08:36:55,888  INFO [main] LoginPage:32 - Sucessfully lunched to Home page
2021-01-23 08:36:56,027  INFO [main] LoginPage:38 - broser closed sucessfullly
2021-01-23 09:12:58,563  INFO [main] LoginPage:23 - application is lunched
2021-01-23 09:12:59,099  INFO [main] LoginPage:38 - broser closed sucessfullly
2021-01-23 09:14:23,818  INFO [main] LoginPage:23 - application is lunched
2021-01-23 09:14:25,523  INFO [main] LoginPage:23 - application is lunched
2021-01-23 09:14:26,244  INFO [main] LoginPage:38 - broser closed sucessfullly
2021-01-23 09:14:26,643  INFO [main] LoginPage:38 - broser closed sucessfullly
2021-01-23 09:14:59,333  INFO [main] LoginPage:23 - application is lunched
2021-01-23 09:14:59,872  INFO [main] LoginPage:38 - broser closed sucessfullly
2021-01-23 09:23:50,463  INFO [main] LoginPage:23 - application is lunched
2021-01-23 09:23:50,972  INFO [main] LoginPage:32 - Sucessfully lunched to Home page
2021-01-23 09:23:51,111  INFO [main] LoginPage:38 - broser closed sucessfullly
2021-01-23 09:26:26,671  INFO [main] LoginPage:23 - application is lunched
2021-01-23 09:26:27,116  INFO [main] LoginPage:32 - Sucessfully lunched to Home page
2021-01-23 09:26:27,333  INFO [main] LoginPage:38 - broser closed sucessfullly
2021-01-23 09:28:25,732  INFO [main] LoginPage:23 - application is lunched
2021-01-23 09:28:26,163  INFO [main] LoginPage:32 - Sucessfully lunched to Home page
2021-01-23 09:28:26,294  INFO [main] LoginPage:38 - broser closed sucessfullly
2021-01-23 09:29:23,506  INFO [main] LoginPage:23 - application is lunched
2021-01-23 09:29:23,927  INFO [main] LoginPage:32 - Sucessfully lunched to Home page
2021-01-23 09:29:24,040  INFO [main] LoginPage:38 - broser closed sucessfullly
